[    0.000000] Initializing cgroup subsys cpuset
[    0.000000] Initializing cgroup subsys cpu
[    0.000000] Initializing cgroup subsys cpuacct
[    0.000000] Linux version 4.4.0-210-generic (buildd@lgw01-amd64-009) (gcc version 5.4.0 20160609 (Ubuntu 5.4.0-6ubuntu1~16.04.12) ) #242-Ubuntu SMP Fri Apr 16 09:57:56 UTC 2021 (Ubuntu 4.4.0-210.242-generic 4.4.262)
[    0.000000] Command line: BOOT_IMAGE=/boot/vmlinuz-4.4.0-210-generic root=LABEL=cloudimg-rootfs ro console=tty1 console=ttyS0
[    0.000000] KERNEL supported cpus:
[    0.000000]   Intel GenuineIntel
[    0.000000]   AMD AuthenticAMD
[    0.000000]   Centaur CentaurHauls
[    0.000000] x86/fpu: xstate_offset[2]:  576, xstate_sizes[2]:  256
[    0.000000] x86/fpu: Supporting XSAVE feature 0x01: 'x87 floating point registers'
[    0.000000] x86/fpu: Supporting XSAVE feature 0x02: 'SSE registers'
[    0.000000] x86/fpu: Supporting XSAVE feature 0x04: 'AVX registers'
[    0.000000] x86/fpu: Enabled xstate features 0x7, context size is 832 bytes, using 'standard' format.
[    0.000000] e820: BIOS-provided physical RAM map:
[    0.000000] BIOS-e820: [mem 0x0000000000000000-0x000000000009fbff] usable
[    0.000000] BIOS-e820: [mem 0x000000000009fc00-0x000000000009ffff] reserved
[    0.000000] BIOS-e820: [mem 0x00000000000f0000-0x00000000000fffff] reserved
[    0.000000] BIOS-e820: [mem 0x0000000000100000-0x000000003ffeffff] usable
[    0.000000] BIOS-e820: [mem 0x000000003fff0000-0x000000003fffffff] ACPI data
[    0.000000] BIOS-e820: [mem 0x00000000fec00000-0x00000000fec00fff] reserved
[    0.000000] BIOS-e820: [mem 0x00000000fee00000-0x00000000fee00fff] reserved
[    0.000000] BIOS-e820: [mem 0x00000000fffc0000-0x00000000ffffffff] reserved
[    0.000000] NX (Execute Disable) protection: active
[    0.000000] SMBIOS 2.5 present.
[    0.000000] Hypervisor detected: KVM
[    0.000000] e820: last_pfn = 0x3fff0 max_arch_pfn = 0x400000000
[    0.000000] MTRR: Disabled
[    0.000000] x86/PAT: MTRRs disabled, skipping PAT initialization too.
[    0.000000] CPU MTRRs all blank - virtualized system.
[    0.000000] x86/PAT: Configuration [0-7]: WB  WT  UC- UC  WB  WT  UC- UC  
[    0.000000] found SMP MP-table at [mem 0x0009fff0-0x0009ffff] mapped at [ffff88000009fff0]
[    0.000000] Scanning 1 areas for low memory corruption
[    0.000000] RAMDISK: [mem 0x362dc000-0x37165fff]
[    0.000000] ACPI: Early table checksum verification disabled
[    0.000000] ACPI: RSDP 0x00000000000E0000 000024 (v02 VBOX  )
[    0.000000] ACPI: XSDT 0x000000003FFF0030 00003C (v01 VBOX   VBOXXSDT 00000001 ASL  00000061)
[    0.000000] ACPI: FACP 0x000000003FFF00F0 0000F4 (v04 VBOX   VBOXFACP 00000001 ASL  00000061)
[    0.000000] ACPI: DSDT 0x000000003FFF0470 002325 (v02 VBOX   VBOXBIOS 00000002 INTL 20190509)
[    0.000000] ACPI: FACS 0x000000003FFF0200 000040
[    0.000000] ACPI: FACS 0x000000003FFF0200 000040
[    0.000000] ACPI: APIC 0x000000003FFF0240 000054 (v02 VBOX   VBOXAPIC 00000001 ASL  00000061)
[    0.000000] ACPI: SSDT 0x000000003FFF02A0 0001CC (v01 VBOX   VBOXCPUT 00000002 INTL 20190509)
[    0.000000] No NUMA configuration found
[    0.000000] Faking a node at [mem 0x0000000000000000-0x000000003ffeffff]
[    0.000000] NODE_DATA(0) allocated [mem 0x3ffeb000-0x3ffeffff]
[    0.000000] kvm-clock: Using msrs 4b564d01 and 4b564d00
[    0.000000] kvm-clock: cpu 0, msr 0:3ffe3001, primary cpu clock
[    0.000000] kvm-clock: using sched offset of 3067276532 cycles
[    0.000000] clocksource: kvm-clock: mask: 0xffffffffffffffff max_cycles: 0x1cd42e4dffb, max_idle_ns: 881590591483 ns
[    0.000000] Zone ranges:
[    0.000000]   DMA      [mem 0x0000000000001000-0x0000000000ffffff]
[    0.000000]   DMA32    [mem 0x0000000001000000-0x000000003ffeffff]
[    0.000000]   Normal   empty
[    0.000000]   Device   empty
[    0.000000] Movable zone start for each node
[    0.000000] Early memory node ranges
[    0.000000]   node   0: [mem 0x0000000000001000-0x000000000009efff]
[    0.000000]   node   0: [mem 0x0000000000100000-0x000000003ffeffff]
[    0.000000] Initmem setup node 0 [mem 0x0000000000001000-0x000000003ffeffff]
[    0.000000] ACPI: PM-Timer IO Port: 0x4008
[    0.000000] IOAPIC[0]: apic_id 1, version 32, address 0xfec00000, GSI 0-23
[    0.000000] ACPI: INT_SRC_OVR (bus 0 bus_irq 0 global_irq 2 dfl dfl)
[    0.000000] ACPI: INT_SRC_OVR (bus 0 bus_irq 9 global_irq 9 low level)
[    0.000000] Using ACPI (MADT) for SMP configuration information
[    0.000000] smpboot: Allowing 1 CPUs, 0 hotplug CPUs
[    0.000000] PM: Registered nosave memory: [mem 0x00000000-0x00000fff]
[    0.000000] PM: Registered nosave memory: [mem 0x0009f000-0x0009ffff]
[    0.000000] PM: Registered nosave memory: [mem 0x000a0000-0x000effff]
[    0.000000] PM: Registered nosave memory: [mem 0x000f0000-0x000fffff]
[    0.000000] e820: [mem 0x40000000-0xfebfffff] available for PCI devices
[    0.000000] Booting paravirtualized kernel on KVM
[    0.000000] clocksource: refined-jiffies: mask: 0xffffffff max_cycles: 0xffffffff, max_idle_ns: 7645519600211568 ns
[    0.000000] setup_percpu: NR_CPUS:512 nr_cpumask_bits:512 nr_cpu_ids:1 nr_node_ids:1
[    0.000000] PERCPU: Embedded 33 pages/cpu @ffff88003fc00000 s95192 r8192 d31784 u2097152
[    0.000000] Built 1 zonelists in Node order, mobility grouping on.  Total pages: 257912
[    0.000000] Policy zone: DMA32
[    0.000000] Kernel command line: BOOT_IMAGE=/boot/vmlinuz-4.4.0-210-generic root=LABEL=cloudimg-rootfs ro console=tty1 console=ttyS0
[    0.000000] PID hash table entries: 4096 (order: 3, 32768 bytes)
[    0.000000] Memory: 997924K/1048120K available (8644K kernel code, 1332K rwdata, 4044K rodata, 1492K init, 1164K bss, 50196K reserved, 0K cma-reserved)
[    0.000000] SLUB: HWalign=64, Order=0-3, MinObjects=0, CPUs=1, Nodes=1
[    0.000000] Kernel/User page tables isolation: enabled
[    0.000000] Hierarchical RCU implementation.
[    0.000000] 	Build-time adjustment of leaf fanout to 64.
[    0.000000] 	RCU restricting CPUs from NR_CPUS=512 to nr_cpu_ids=1.
[    0.000000] RCU: Adjusting geometry for rcu_fanout_leaf=64, nr_cpu_ids=1
[    0.000000] NR_IRQS:33024 nr_irqs:256 16
[    0.000000] Console: colour VGA+ 80x25
[    0.000000] console [tty1] enabled
[    0.000000] console [ttyS0] enabled
[    0.000000] tsc: Detected 3499.994 MHz processor
[    0.152796] Calibrating delay loop (skipped) preset value.. 6999.98 BogoMIPS (lpj=13999976)
[    0.154102] pid_max: default: 32768 minimum: 301
[    0.154924] ACPI: Core revision 20150930
[    0.156161] ACPI: 2 ACPI AML tables successfully acquired and loaded
[    0.157422] Security Framework initialized
[    0.158848] Yama: becoming mindful.
[    0.159409] AppArmor: AppArmor initialized
[    0.160063] Dentry cache hash table entries: 131072 (order: 8, 1048576 bytes)
[    0.161952] Inode-cache hash table entries: 65536 (order: 7, 524288 bytes)
[    0.162943] Mount-cache hash table entries: 2048 (order: 2, 16384 bytes)
[    0.163800] Mountpoint-cache hash table entries: 2048 (order: 2, 16384 bytes)
[    0.164868] Initializing cgroup subsys io
[    0.165458] Initializing cgroup subsys memory
[    0.166192] Initializing cgroup subsys devices
[    0.166800] Initializing cgroup subsys freezer
[    0.167389] Initializing cgroup subsys net_cls
[    0.173024] Initializing cgroup subsys perf_event
[    0.175772] Initializing cgroup subsys net_prio
[    0.177375] Initializing cgroup subsys hugetlb
[    0.178688] Initializing cgroup subsys pids
[    0.186148] mce: CPU supports 0 MCE banks
[    0.188515] process: using mwait in idle threads
[    0.189465] Last level iTLB entries: 4KB 1024, 2MB 1024, 4MB 1024
[    0.190247] Last level dTLB entries: 4KB 1024, 2MB 1024, 4MB 1024, 1GB 4
[    0.191133] Spectre V1 : Mitigation: usercopy/swapgs barriers and __user pointer sanitization
[    0.192336] Spectre V2 : Mitigation: Full generic retpoline
[    0.194683] Spectre V2 : Spectre v2 / SpectreRSB mitigation: Filling RSB on context switch
[    0.196379] Speculative Store Bypass: Vulnerable
[    0.197024] SRBDS: Unknown: Dependent on hypervisor status
[    0.197891] MDS: Mitigation: Clear CPU buffers
[    0.219931] Freeing SMP alternatives memory: 36K
[    0.224760] ftrace: allocating 32380 entries in 127 pages
[    0.265922] smpboot: APIC(0) Converting physical 0 to logical package 0
[    0.266876] smpboot: Max logical packages: 1
[    0.267643] x2apic enabled
[    0.268257] Switched APIC routing to physical x2apic.
[    0.269677] ..TIMER: vector=0x30 apic1=0 pin1=2 apic2=-1 pin2=-1
[    0.378599] smpboot: CPU0: Intel(R) Core(TM) i5-4690K CPU @ 3.50GHz (family: 0x6, model: 0x3c, stepping: 0x3)
[    0.380032] Performance Events: unsupported p6 CPU model 60 no PMU driver, software events only.
[    0.389240] KVM setup paravirtual spinlock
[    0.390389] x86: Booted up 1 node, 1 CPUs
[    0.390953] smpboot: Total of 1 processors activated (6999.98 BogoMIPS)
[    0.391960] devtmpfs: initialized
[    0.393332] evm: security.selinux
[    0.393851] evm: security.SMACK64
[    0.394361] evm: security.SMACK64EXEC
[    0.394858] evm: security.SMACK64TRANSMUTE
[    0.395429] evm: security.SMACK64MMAP
[    0.395940] evm: security.ima
[    0.396381] evm: security.capability
[    0.396970] clocksource: jiffies: mask: 0xffffffff max_cycles: 0xffffffff, max_idle_ns: 7645041785100000 ns
[    0.398214] futex hash table entries: 256 (order: 2, 16384 bytes)
[    0.399436] pinctrl core: initialized pinctrl subsystem
[    0.400394] RTC time:  8:41:39, date: 01/08/22
[    0.401836] NET: Registered protocol family 16
[    0.402889] cpuidle: using governor ladder
[    0.403986] cpuidle: using governor menu
[    0.404664] PCCT header not found.
[    0.405553] ACPI: bus type PCI registered
[    0.406638] acpiphp: ACPI Hot Plug PCI Controller Driver version: 0.5
[    0.410654] PCI: Using configuration type 1 for base access
[    0.413015] ACPI: Added _OSI(Module Device)
[    0.414941] ACPI: Added _OSI(Processor Device)
[    0.415534] ACPI: Added _OSI(3.0 _SCP Extensions)
[    0.416182] ACPI: Added _OSI(Processor Aggregator Device)
[    0.417231] ACPI: Executed 1 blocks of module-level executable AML code
[    0.419441] ACPI: Interpreter enabled
[    0.420112] ACPI: (supports S0 S5)
[    0.420679] ACPI: Using IOAPIC for interrupt routing
[    0.421406] PCI: Using host bridge windows from ACPI; if necessary, use "pci=nocrs" and report a bug
[    0.427175] ACPI: PCI Root Bridge [PCI0] (domain 0000 [bus 00-ff])
[    0.427960] acpi PNP0A03:00: _OSC: OS supports [ASPM ClockPM Segments MSI]
[    0.433161] acpi PNP0A03:00: _OSC: not requesting OS control; OS requires [ExtendedConfig ASPM ClockPM MSI]
[    0.434457] acpi PNP0A03:00: fail to add MMCONFIG information, can't access extended PCI configuration space under this bridge.
[    0.436426] PCI host bridge to bus 0000:00
[    0.436982] pci_bus 0000:00: root bus resource [io  0x0000-0x0cf7 window]
[    0.437796] pci_bus 0000:00: root bus resource [io  0x0d00-0xffff window]
[    0.438644] pci_bus 0000:00: root bus resource [mem 0x000a0000-0x000bffff window]
[    0.439673] pci_bus 0000:00: root bus resource [mem 0x40000000-0xfdffffff window]
[    0.440677] pci_bus 0000:00: root bus resource [bus 00-ff]
[    0.442735] pci 0000:00:01.1: legacy IDE quirk: reg 0x10: [io  0x01f0-0x01f7]
[    0.448707] pci 0000:00:01.1: legacy IDE quirk: reg 0x14: [io  0x03f6]
[    0.454264] pci 0000:00:01.1: legacy IDE quirk: reg 0x18: [io  0x0170-0x0177]
[    0.455970] pci 0000:00:01.1: legacy IDE quirk: reg 0x1c: [io  0x0376]
[    0.473120] pci 0000:00:07.0: quirk: [io  0x4000-0x403f] claimed by PIIX4 ACPI
[    0.475112] pci 0000:00:07.0: quirk: [io  0x4100-0x410f] claimed by PIIX4 SMB
[    0.485455] ACPI: PCI Interrupt Link [LNKA] (IRQs 5 9 10 *11)
[    0.488391] ACPI: PCI Interrupt Link [LNKB] (IRQs 5 9 *10 11)
[    0.490467] ACPI: PCI Interrupt Link [LNKC] (IRQs 5 *9 10 11)
[    0.491981] ACPI: PCI Interrupt Link [LNKD] (IRQs 5 9 10 *11)
[    0.494077] ACPI: Enabled 2 GPEs in block 00 to 07
[    0.495429] vgaarb: setting as boot device: PCI:0000:00:02.0
[    0.496131] vgaarb: device added: PCI:0000:00:02.0,decodes=io+mem,owns=io+mem,locks=none
[    0.499023] vgaarb: loaded
[    0.499863] vgaarb: bridge control possible 0000:00:02.0
[    0.500729] SCSI subsystem initialized
[    0.501335] ACPI: bus type USB registered
[    0.502125] usbcore: registered new interface driver usbfs
[    0.512681] usbcore: registered new interface driver hub
[    0.513821] usbcore: registered new device driver usb
[    0.514789] PCI: Using ACPI for IRQ routing
[    0.516165] NetLabel: Initializing
[    0.516719] NetLabel:  domain hash size = 128
[    0.517626] NetLabel:  protocols = UNLABELED CIPSOv4
[    0.518320] NetLabel:  unlabeled traffic allowed by default
[    0.525749] amd_nb: Cannot enumerate AMD northbridges
[    0.527580] clocksource: Switched to clocksource kvm-clock
[    0.535095] AppArmor: AppArmor Filesystem Enabled
[    0.535939] pnp: PnP ACPI init
[    0.537730] pnp: PnP ACPI: found 3 devices
[    0.544748] clocksource: acpi_pm: mask: 0xffffff max_cycles: 0xffffff, max_idle_ns: 2085701024 ns
[    0.547868] NET: Registered protocol family 2
[    0.550289] TCP established hash table entries: 8192 (order: 4, 65536 bytes)
[    0.551204] TCP bind hash table entries: 8192 (order: 5, 131072 bytes)
[    0.552042] TCP: Hash tables configured (established 8192 bind 8192)
[    0.553016] UDP hash table entries: 512 (order: 2, 16384 bytes)
[    0.553860] UDP-Lite hash table entries: 512 (order: 2, 16384 bytes)
[    0.554752] NET: Registered protocol family 1
[    0.555355] pci 0000:00:00.0: Limiting direct PCI/PCI transfers
[    0.556142] pci 0000:00:01.0: Activating ISA DMA hang workarounds
[    0.557480] Unpacking initramfs...
[    0.714746] Freeing initrd memory: 14888K
[    0.715937] RAPL PMU detected, API unit is 2^-32 Joules, 4 fixed counters 10737418240 ms ovfl timer
[    0.717218] hw unit of domain pp0-core 2^-0 Joules
[    0.718013] hw unit of domain package 2^-0 Joules
[    0.718630] hw unit of domain dram 2^-0 Joules
[    0.719250] hw unit of domain pp1-gpu 2^-0 Joules
[    0.720341] clocksource: tsc: mask: 0xffffffffffffffff max_cycles: 0x32734b4358f, max_idle_ns: 440795367814 ns
[    0.723032] platform rtc_cmos: registered platform RTC device (no PNP device found)
[    0.725034] Scanning for low memory corruption every 60 seconds
[    0.726139] audit: initializing netlink subsys (disabled)
[    0.726947] audit: type=2000 audit(1641631304.268:1): initialized
[    0.728059] Initialise system trusted keyring
[    0.729400] HugeTLB registered 2 MB page size, pre-allocated 0 pages
[    0.731990] zbud: loaded
[    0.732668] VFS: Disk quotas dquot_6.6.0
[    0.734431] VFS: Dquot-cache hash table entries: 512 (order 0, 4096 bytes)
[    0.735411] squashfs: version 4.0 (2009/01/31) Phillip Lougher
[    0.736354] fuse init (API version 7.23)
[    0.737247] Key type big_key registered
[    0.738102] Allocating IMA MOK and blacklist keyrings.
[    0.739322] Key type asymmetric registered
[    0.739911] Asymmetric key parser 'x509' registered
[    0.740654] Block layer SCSI generic (bsg) driver version 0.4 loaded (major 249)
[    0.742047] io scheduler noop registered
[    0.742890] io scheduler deadline registered (default)
[    0.746524] io scheduler cfq registered
[    0.747632] pci_hotplug: PCI Hot Plug PCI Core version: 0.5
[    0.748999] pciehp: PCI Express Hot Plug Controller Driver version: 0.4
[    0.750678] ACPI: AC Adapter [AC] (on-line)
[    0.751616] input: Power Button as /devices/LNXSYSTM:00/LNXPWRBN:00/input/input0
[    0.754207] ACPI: Power Button [PWRF]
[    0.756782] input: Sleep Button as /devices/LNXSYSTM:00/LNXSLPBN:00/input/input1
[    0.759820] ACPI: Sleep Button [SLPF]
[    0.761064] GHES: HEST is not enabled!
[    0.761979] Serial: 8250/16550 driver, 32 ports, IRQ sharing enabled
[    0.783409] 00:02: ttyS0 at I/O 0x3f8 (irq = 4, base_baud = 115200) is a 16550A
[    0.785209] Linux agpgart interface v0.103
[    0.786777] loop: module loaded
[    0.787570] scsi host0: ata_piix
[    0.788132] scsi host1: ata_piix
[    0.788642] ata1: PATA max UDMA/33 cmd 0x1f0 ctl 0x3f6 bmdma 0xd000 irq 14
[    0.789478] ata2: PATA max UDMA/33 cmd 0x170 ctl 0x376 bmdma 0xd008 irq 15
[    0.790512] libphy: Fixed MDIO Bus: probed
[    0.791210] tun: Universal TUN/TAP device driver, 1.6
[    0.791927] tun: (C) 1999-2004 Max Krasnyansky <maxk@qualcomm.com>
[    0.792790] PPP generic driver version 2.4.2
[    0.793406] ehci_hcd: USB 2.0 'Enhanced' Host Controller (EHCI) Driver
[    0.794317] ehci-pci: EHCI PCI platform driver
[    0.795046] ehci-platform: EHCI generic platform driver
[    0.795707] ohci_hcd: USB 1.1 'Open' Host Controller (OHCI) Driver
[    0.797023] ohci-pci: OHCI PCI platform driver
[    0.797710] ohci-platform: OHCI generic platform driver
[    0.798392] uhci_hcd: USB Universal Host Controller Interface driver
[    0.799203] i8042: PNP: PS/2 Controller [PNP0303:PS2K,PNP0f03:PS2M] at 0x60,0x64 irq 1,12
[    0.801020] serio: i8042 KBD port at 0x60,0x64 irq 1
[    0.802354] serio: i8042 AUX port at 0x60,0x64 irq 12
[    0.803805] mousedev: PS/2 mouse device common for all mice
[    0.805181] input: AT Translated Set 2 keyboard as /devices/platform/i8042/serio0/input/input2
[    0.807547] rtc_cmos rtc_cmos: rtc core: registered rtc_cmos as rtc0
[    0.808567] rtc_cmos rtc_cmos: alarms up to one day, 114 bytes nvram
[    0.809888] i2c /dev entries driver
[    0.810449] device-mapper: uevent: version 1.0.3
[    0.811530] device-mapper: ioctl: 4.34.0-ioctl (2015-10-28) initialised: dm-devel@redhat.com
[    0.813430] ledtrig-cpu: registered to indicate activity on CPUs
[    0.814947] NET: Registered protocol family 10
[    0.816089] NET: Registered protocol family 17
[    0.818428] Key type dns_resolver registered
[    0.820666] registered taskstats version 1
[    0.822157] Loading compiled-in X.509 certificates
[    0.824028] Loaded X.509 cert 'Build time autogenerated kernel key: cf00e047681d67edb2720680708b7d9498083038'
[    0.826585] zswap: loaded using pool lzo/zbud
[    0.829261] Key type trusted registered
[    0.832168] Key type encrypted registered
[    0.833049] AppArmor: AppArmor sha1 policy hashing enabled
[    0.836982] ima: No TPM chip found, activating TPM-bypass!
[    0.838284] ima: Allocated hash algorithm: sha1
[    0.840061] evm: HMAC attrs: 0x1
[    0.840940]   Magic number: 6:548:674
[    0.841582] rtc_cmos rtc_cmos: setting system clock to 2022-01-08 08:41:39 UTC (1641631299)
[    0.843420] BIOS EDD facility v0.16 2004-Jun-25, 0 devices found
[    0.844552] EDD information not available.
[    0.967048] Freeing unused kernel memory: 1492K
[    0.967784] Write protecting the kernel read-only data: 14336k
[    0.970195] Freeing unused kernel memory: 1584K
[    0.971298] Freeing unused kernel memory: 52K
Loading, please wait...
starting version 229
[    0.981838] random: udevadm: uninitialized urandom read (16 bytes read, 2 bits of entropy available)
[    0.983867] random: udevadm: uninitialized urandom read (16 bytes read, 2 bits of entropy available)
[    0.986613] random: systemd-udevd: uninitialized urandom read (16 bytes read, 2 bits of entropy available)
[    0.989272] random: systemd-udevd: uninitialized urandom read (16 bytes read, 2 bits of entropy available)
[    0.991421] random: systemd-udevd: uninitialized urandom read (16 bytes read, 2 bits of entropy available)
[    1.000046] random: systemd-udevd: uninitialized urandom read (16 bytes read, 2 bits of entropy available)
[    1.003772] random: systemd-udevd: uninitialized urandom read (16 bytes read, 2 bits of entropy available)
[    1.005817] random: systemd-udevd: uninitialized urandom read (16 bytes read, 2 bits of entropy available)
[    1.007813] random: systemd-udevd: uninitialized urandom read (16 bytes read, 2 bits of entropy available)
[    1.013220] random: udevadm: uninitialized urandom read (16 bytes read, 2 bits of entropy available)
[    1.104957] e1000: Intel(R) PRO/1000 Network Driver - version 7.3.21-k8-NAPI
[    1.106637] e1000: Copyright (c) 1999-2006 Intel Corporation.
[    1.114134] Fusion MPT base driver 3.04.20
[    1.115169] Copyright (c) 1999-2008 LSI Corporation
[    1.130144] Fusion MPT SPI Host driver 3.04.20
[    1.161201] AVX2 version of gcm_enc/dec engaged.
[    1.162838] AES CTR mode by8 optimization enabled
[    1.325601] input: ImExPS/2 Generic Explorer Mouse as /devices/platform/i8042/serio1/input/input4
[    1.507638] e1000 0000:00:03.0 eth0: (PCI:33MHz:32-bit) 02:be:82:6b:cc:1d
[    1.509283] e1000 0000:00:03.0 eth0: Intel(R) PRO/1000 Network Connection
[    1.516426] mptbase: ioc0: Initiating bringup
[    1.579904] ioc0: LSI53C1030 A0: Capabilities={Initiator}
[    1.744841] scsi host2: ioc0: LSI53C1030 A0, FwRev=00000000h, Ports=1, MaxQ=256, IRQ=20
[    1.860683] scsi 2:0:0:0: Direct-Access     VBOX     HARDDISK         1.0  PQ: 0 ANSI: 5
[    1.869756] scsi target2:0:0: Beginning Domain Validation
[    1.877855] scsi target2:0:0: Domain Validation skipping write tests
[    1.879873] scsi target2:0:0: Ending Domain Validation
[    1.881807] scsi target2:0:0: asynchronous
[    1.886226] scsi 2:0:1:0: Direct-Access     VBOX     HARDDISK         1.0  PQ: 0 ANSI: 5
[    1.901474] scsi target2:0:1: Beginning Domain Validation
[    1.931320] scsi target2:0:1: Domain Validation skipping write tests
[    1.932817] scsi target2:0:1: Ending Domain Validation
[    1.933630] scsi target2:0:1: asynchronous
[    2.024946] sd 2:0:0:0: Attached scsi generic sg0 type 0
[    2.025853] sd 2:0:0:0: [sda] 83886080 512-byte logical blocks: (42.9 GB/40.0 GiB)
[    2.027553] sd 2:0:0:0: [sda] Write Protect is off
[    2.028796] sd 2:0:1:0: [sdb] 20480 512-byte logical blocks: (10.5 MB/10.0 MiB)
[    2.030454] sd 2:0:1:0: [sdb] Write Protect is off
[    2.031362] sd 2:0:1:0: [sdb] Incomplete mode parameter data
[    2.032284] sd 2:0:1:0: [sdb] Assuming drive cache: write through
[    2.033146] sd 2:0:1:0: Attached scsi generic sg1 type 0
[    2.033981] sd 2:0:0:0: [sda] Incomplete mode parameter data
[    2.034723] sd 2:0:0:0: [sda] Assuming drive cache: write through
[    2.041595]  sda: sda1
[    2.042708] sd 2:0:0:0: [sda] Attached SCSI disk
[    2.044122] sd 2:0:1:0: [sdb] Attached SCSI disk
[    2.242371] e1000 0000:00:08.0 eth1: (PCI:33MHz:32-bit) 08:00:27:c6:31:21
[    2.243273] e1000 0000:00:08.0 eth1: Intel(R) PRO/1000 Network Connection
[    2.245042] e1000 0000:00:08.0 enp0s8: renamed from eth1
[    2.246900] e1000 0000:00:03.0 enp0s3: renamed from eth0
Begin: Loading essential drivers ... [    3.684601] md: linear personality registered for level -1
[    3.691321] md: multipath personality registered for level -4
[    3.695436] md: raid0 personality registered for level 0
[    3.701077] md: raid1 personality registered for level 1
[    3.788231] raid6: sse2x1   gen() 10597 MB/s
[    3.860180] raid6: sse2x1   xor()  8349 MB/s
[    3.928008] raid6: sse2x2   gen() 12820 MB/s
[    3.996188] raid6: sse2x2   xor()  8742 MB/s
[    4.063652] raid6: sse2x4   gen() 11954 MB/s
[    4.135663] raid6: sse2x4   xor()  9942 MB/s
[    4.203898] raid6: avx2x1   gen() 15544 MB/s
[    4.278101] raid6: avx2x2   gen() 23553 MB/s
[    4.348185] raid6: avx2x4   gen() 28692 MB/s
[    4.349233] raid6: using algorithm avx2x4 gen() 28692 MB/s
[    4.350352] raid6: using avx2x2 recovery algorithm
[    4.352997] xor: automatically using best checksumming function:
[    4.398229]    avx       : 43035.000 MB/sec
[    4.401466] async_tx: api initialized (async)
[    4.414854] md: raid6 personality registered for level 6
[    4.419956] md: raid5 personality registered for level 5
[    4.421669] md: raid4 personality registered for level 4
[    4.451219] md: raid10 personality registered for level 10
done.
Begin: Running /scripts/init-premount ... done.
Begin: Mounting root file system ... Begin: Running /scripts/local-top ... done.
Begin: Running /scripts/local-premount ... [    4.492631] Btrfs loaded
Scanning for Btrfs filesystems
done.
Warning: fsck not present, so skipping root file system
[    4.530047] EXT4-fs (sda1): INFO: recovery required on readonly filesystem
[    4.543401] EXT4-fs (sda1): write access will be enabled during recovery
[    4.634900] EXT4-fs (sda1): recovery complete
[    4.638541] EXT4-fs (sda1): mounted filesystem with ordered data mode. Opts: (null)
done.
Begin: Running /scripts/local-bottom ... done.
Begin: Running /scripts/init-bottom ... done.
[    4.800391] systemd[1]: systemd 229 running in system mode. (+PAM +AUDIT +SELINUX +IMA +APPARMOR +SMACK +SYSVINIT +UTMP +LIBCRYPTSETUP +GCRYPT +GNUTLS +ACL +XZ -LZ4 +SECCOMP +BLKID +ELFUTILS +KMOD -IDN)
[    4.807807] systemd[1]: Detected virtualization oracle.
[    4.811914] systemd[1]: Detected architecture x86-64.

Welcome to [1mUbuntu 16.04.7 LTS[0m!

[    4.824649] systemd[1]: Set hostname to <ubuntu-xenial>.
[    5.139723] systemd[1]: Listening on Journal Audit Socket.
[[0;32m  OK  [0m] Listening on Journal Audit Socket.
[    5.163992] systemd[1]: Listening on /dev/initctl Compatibility Named Pipe.
[[0;32m  OK  [0m] Listening on /dev/initctl Compatibility Named Pipe.
[    5.178844] systemd[1]: Started Forward Password Requests to Wall Directory Watch.
[[0;32m  OK  [0m] Started Forward Password Requests to Wall Directory Watch.
[    5.191038] systemd[1]: Listening on Syslog Socket.
[[0;32m  OK  [0m] Listening on Syslog Socket.
[    5.203834] systemd[1]: Listening on udev Control Socket.
[[0;32m  OK  [0m] Listening on udev Control Socket.
[    5.212106] systemd[1]: Created slice System Slice.
[[0;32m  OK  [0m] Created slice System Slice.
[    5.214910] systemd[1]: Reached target System Time Synchronized.
[[0;32m  OK  [0m] Reached target System Time Synchronized.
[    5.222996] systemd[1]: Listening on Journal Socket.
[[0;32m  OK  [0m] Listening on Journal Socket.
[    5.248164] systemd[1]: Starting Set console keymap...
         Starting Set console keymap...
[    5.256819] systemd[1]: Mounting Huge Pages File System...
         Mounting Huge Pages File System...
[    5.275386] systemd[1]: Reached target User and Group Name Lookups.
[[0;32m  OK  [0m] Reached target User and Group Name Lookups.
[    5.348790] systemd[1]: Listening on udev Kernel Socket.
[[0;32m  OK  [0m] Listening on udev Kernel Socket.
[    5.369001] systemd[1]: Starting Nameserver information manager...
         Starting Nameserver information manager...
[    5.372692] systemd[1]: Listening on LVM2 poll daemon socket.
[[0;32m  OK  [0m] Listening on LVM2 poll daemon socket.
[    5.389780] systemd[1]: Set up automount Arbitrary Executable File Formats File System Automount Point.
[[0;32m  OK  [0m] Set up automount Arbitrary Executab...ats File System Automount Point.
[    5.411443] systemd[1]: Mounting Debug File System...
         Mounting Debug File System...
[    5.426990] systemd[1]: Starting Load Kernel Modules...
         Starting Load Kernel Modules...
[    5.436716] systemd[1]: Created slice User and Session Slice.
[[0;32m  OK  [0m] Created slice User and Session Slice.
[    5.440624] systemd[1]: Reached target Slices.
[[0;32m  OK  [0m] Reached target Slices.
[    5.444817] systemd[1]: Created slice system-serial\x2dgetty.slice.
[[0;32m  OK  [0m] Created slice system-serial\x2dgetty.slice.
[    5.446620] systemd[1]: Listening on Device-mapper event daemon FIFOs.
[[0;32m  OK  [0m] Listening on Device-mapper event daemon FIFOs.
[    5.462280] systemd[1]: Starting Create list of required static device nodes for the current kernel...
         Starting Create list of required st... nodes for the current kernel...
[    5.467938] systemd[1]: Listening on LVM2 metadata daemon socket.
[[0;32m  OK  [0m] Listening on LVM2 metadata daemon socket.
[    5.484207] systemd[1]: Listening on fsck to fsckd communication Socket.
[[0;32m  OK  [0m] Listening on fsck to fsckd communication Socket.
[    5.489702] systemd[1]: Reached target Swap.
[    5.503460] Loading iSCSI transport class v2.0-870.
[[0;32m  OK  [0m] Reached target Swap.
[    5.511617] systemd[1]: Reached target Encrypted Volumes.
[[0;32m  OK  [0m] Reached target Encrypted Volumes.
[    5.516698] systemd[1]: Starting File System Check on Root Device...
         Starting File System Check on Root Device...
[    5.530716] systemd[1]: Starting Monitoring of LVM2 mirrors, snapshots etc. using dmeventd or progress polling...
         Starting Monitoring of LVM2 mirrors... dmeventd or progress polling...
[    5.568426] systemd[1]: Listening on Journal Socket (/dev/log).
[[0;32m  OK  [0m] Listening on Journal Socket (/dev/log).
[    5.575459] iscsi: registered transport (tcp)
[    5.583166] systemd[1]: Starting Journal Service...
         Starting Journal Service...
[    5.594705] systemd[1]: Started Trigger resolvconf update for networkd DNS.
[[0;32m  OK  [0m] Started Trigger resolvconf update for networkd DNS.
[    5.610334] systemd[1]: Mounting POSIX Message Queue File System...
         Mounting POSIX Message Queue File System...
[    5.629793] systemd[1]: Starting Uncomplicated firewall...
         Starting Uncomplicated firewall...
[    5.657627] systemd[1]: Mounted Huge Pages File System.
[[0;32m  OK  [0m] Mounted Huge Pages File System.
[    5.702382] systemd[1]: Mounted POSIX Message Queue File System.
[[0;32m  OK  [0m] Mounted POSIX Message Queue File System.
[    5.719781] systemd[1]: Mounted Debug File System.
[[0;32m  OK  [0m] Mounted Debug File System.
[    5.722335] systemd[1]: Started Set console keymap.
[[0;32m  OK  [0m] Started Set console keymap.
[    5.748028] systemd[1]: Started Create list of required static device nodes for the current kernel.
[[0;32m  OK  [0m] Started Create list of required sta...ce nodes for the current kernel.
[    5.780540] systemd[1]: Started File System Check on Root Device.
[[0;32m  OK  [0m] Started File System Check on Root Device.
[    5.792441] systemd[1]: Started Uncomplicated firewall.
[[0;32m  OK  [0m] Started Uncomplicated firewall.
[    5.809846] systemd[1]: Started Nameserver information manager.
[[0;32m  OK  [0m] Started Nameserver information manager.
[    5.828700] random: nonblocking pool is initialized
[    5.842381] systemd[1]: Started Journal Service.
[    5.849648] iscsi: registered transport (iser)
[[0;32m  OK  [0m] Started Journal Service.
[[0;32m  OK  [0m] Started Load Kernel Modules.
[[0;32m  OK  [0m] Started LVM2 metadata daemon.
[[0;32m  OK  [0m] Started File System Check Daemon to report status.
         Starting Apply Kernel Variables...
         Mounting FUSE Control File System...
         Starting Remount Root and Kernel File Systems...
         Starting Create Static Device Nodes in /dev...
[    5.957619] EXT4-fs (sda1): re-mounted. Opts: (null)
[[0;32m  OK  [0m] Mounted FUSE Control File System.
[[0;32m  OK  [0m] Started Remount Root and Kernel File Systems.
         Starting Load/Save Random Seed...
         Starting Flush Journal to Persistent Storage...
         Starting udev Coldplug all Devices...
[[0;32m  OK  [0m] Started Apply Kernel Variables.
[[0;32m  OK  [0m] Started Load/Save Random Seed.
[[0;32m  OK  [0m] Started Create Static Device Nodes in /dev.
         Starting udev Kernel Device Manager...
[[0;32m  OK  [0m] Started Flush Journal to Persistent Storage.
[[0;32m  OK  [0m] Started Monitoring of LVM2 mirrors,...ng dmeventd or progress polling.
[[0;32m  OK  [0m] Reached target Local File Systems (Pre).
[[0;32m  OK  [0m] Reached target Local File Systems.
         Starting LSB: AppArmor initialization...
         Starting Initial cloud-init job (pre-networking)...
         Starting Tell Plymouth To Write Out Runtime Data...
         Starting Set console font and keymap...
         Starting Create Volatile Files and Directories...
[[0;32m  OK  [0m] Started udev Kernel Device Manager.
[[0;32m  OK  [0m] Started Tell Plymouth To Write Out Runtime Data.
[[0;32m  OK  [0m] Started Create Volatile Files and Directories.
[[0;32m  OK  [0m] Started udev Coldplug all Devices.
         Starting Update UTMP about System Boot/Shutdown...
[[0;32m  OK  [0m] Started Dispatch Password Requests to Console Directory Watch.
[[0;32m  OK  [0m] Started Update UTMP about System Boot/Shutdown.
[[0;32m  OK  [0m] Started LSB: AppArmor initialization.
         Starting Load AppArmor profiles managed internally by snapd...
[[0;32m  OK  [0m] Started Load AppArmor profiles managed internally by snapd.
[[0;32m  OK  [0m] Found device /dev/ttyS0.
[[0;32m  OK  [0m] Started Set console font and keymap.
[[0;32m  OK  [0m] Created slice system-getty.slice.
[[0;32m  OK  [0m] Listening on Load/Save RF Kill Switch Status /dev/rfkill Watch.
[[0;32m  OK  [0m] Found device 82540EM Gigabit Ethern...r (PRO/1000 MT Desktop Adapter).
[[0;32m  OK  [0m] Found device 82540EM Gigabit Ethern...r (PRO/1000 MT Desktop Adapter).
[   11.162804] cloud-init[491]: Cloud-init v. 21.1-19-gbad84ad4-0ubuntu1~16.04.2 running 'init-local' at Sat, 08 Jan 2022 08:41:49 +0000. Up 10.17 seconds.
[[0;32m  OK  [0m] Started Initial cloud-init job (pre-networking).
[[0;32m  OK  [0m] Reached target Network (Pre).
[[0;32m  OK  [0m] Started ifup for enp0s8.
[[0;32m  OK  [0m] Started ifup for enp0s3.
         Starting Raise network interfaces...
[[0;32m  OK  [0m] Started Raise network interfaces.
         Starting Initial cloud-init job (metadata service crawler)...
[[0;32m  OK  [0m] Reached target Network.
[   12.915260] cloud-init[1100]: Cloud-init v. 21.1-19-gbad84ad4-0ubuntu1~16.04.2 running 'init' at Sat, 08 Jan 2022 08:41:51 +0000. Up 12.55 seconds.
[   12.916641] cloud-init[1100]: ci-info: ++++++++++++++++++++++++++++++++++++++Net device info+++++++++++++++++++++++++++++++++++++++
[   12.917732] cloud-init[1100]: ci-info: +--------+------+-----------------------------+---------------+--------+-------------------+
[   12.920387] cloud-init[1100]: ci-info: | Device |  Up  |           Address           |      Mask     | Scope  |     Hw-Address    |
[   12.921647] cloud-init[1100]: ci-info: +--------+------+-----------------------------+---------------+--------+-------------------+
[   12.936455] cloud-init[1100]: ci-info: | enp0s3 | True |          10.0.2.15          | 255.255.255.0 | global | 02:be:82:6b:cc:1d |
[   12.937781] cloud-init[1100]: ci-info: | enp0s3 | True |  fe80::be:82ff:fe6b:cc1d/64 |       .       |  link  | 02:be:82:6b:cc:1d |
[   12.939183] cloud-init[1100]: ci-info: | enp0s8 | True |        192.168.56.10        | 255.255.255.0 | global | 08:00:27:c6:31:21 |
[   12.940217] cloud-init[1100]: ci-info: | enp0s8 | True | fe80::a00:27ff:fec6:3121/64 |       .       |  link  | 08:00:27:c6:31:21 |
[   12.942046] cloud-init[1100]: ci-info: |   lo   | True |          127.0.0.1          |   255.0.0.0   |  host  |         .         |
[   12.945952] cloud-init[1100]: ci-info: |   lo   | True |           ::1/128           |       .       |  host  |         .         |
[   12.946937] cloud-init[1100]: ci-info: +--------+------+-----------------------------+---------------+--------+-------------------+
[   12.947990] cloud-init[1100]: ci-info: ++++++++++++++++++++++++++++Route IPv4 info++++++++++++++++++++++++++++
[   12.952677] cloud-init[1100]: ci-info: +-------+--------------+----------+---------------+-----------+-------+
[   12.953666] cloud-init[1100]: ci-info: | Route | Destination  | Gateway  |    Genmask    | Interface | Flags |
[   12.956323] cloud-init[1100]: ci-info: +-------+--------------+----------+---------------+-----------+-------+
[   12.961133] cloud-init[1100]: ci-info: |   0   |   0.0.0.0    | 10.0.2.2 |    0.0.0.0    |   enp0s3  |   UG  |
[   12.969444] cloud-init[1100]: ci-info: |   1   |   10.0.2.0   | 0.0.0.0  | 255.255.255.0 |   enp0s3  |   U   |
[   12.972415] cloud-init[1100]: ci-info: |   2   | 192.168.56.0 | 0.0.0.0  | 255.255.255.0 |   enp0s8  |   U   |
[   12.973364] cloud-init[1100]: ci-info: +-------+--------------+----------+---------------+-----------+-------+
[   12.974266] cloud-init[1100]: ci-info: +++++++++++++++++++Route IPv6 info+++++++++++++++++++
[   12.975060] cloud-init[1100]: ci-info: +-------+-------------+---------+-----------+-------+
[   12.975889] cloud-init[1100]: ci-info: | Route | Destination | Gateway | Interface | Flags |
[   12.976658] cloud-init[1100]: ci-info: +-------+-------------+---------+-----------+-------+
[   12.977504] cloud-init[1100]: ci-info: |   0   |  fe80::/64  |    ::   |   enp0s8  |   U   |
[   12.978378] cloud-init[1100]: ci-info: |   1   |  fe80::/64  |    ::   |   enp0s3  |   U   |
[   12.980727] cloud-init[1100]: ci-info: |   5   |   ff00::/8  |    ::   |   enp0s8  |   U   |
[   12.981839] cloud-init[1100]: ci-info: |   6   |   ff00::/8  |    ::   |   enp0s3  |   U   |
[   12.984371] cloud-init[1100]: ci-info: +-------+-------------+---------+-----------+-------+
[[0;32m  OK  [0m] Started Initial cloud-init job (metadata service crawler).
[[0;32m  OK  [0m] Reached target Cloud-config availability.
[[0;32m  OK  [0m] Reached target Network is Online.
         Starting iSCSI initiator daemon (iscsid)...
[[0;32m  OK  [0m] Reached target System Initialization.
         Starting LXD - unix socket.
[[0;32m  OK  [0m] Listening on D-Bus System Message Bus Socket.
         Starting Socket activation for snappy daemon.
[[0;32m  OK  [0m] Started ACPI Events Check.
[[0;32m  OK  [0m] Reached target Paths.
[[0;32m  OK  [0m] Started Daily Cleanup of Temporary Directories.
[[0;32m  OK  [0m] Listening on UUID daemon activation socket.
[[0;32m  OK  [0m] Listening on ACPID Listen Socket.
[[0;32m  OK  [0m] Started Message of the Day.
[[0;32m  OK  [0m] Started Ubuntu Advantage update messaging.
[[0;32m  OK  [0m] Started Daily apt download activities.
[[0;32m  OK  [0m] Started Daily apt upgrade and clean activities.
[[0;32m  OK  [0m] Reached target Timers.
[[0;32m  OK  [0m] Listening on LXD - unix socket.
[[0;32m  OK  [0m] Listening on Socket activation for snappy daemon.
[[0;32m  OK  [0m] Started iSCSI initiator daemon (iscsid).
         Starting Login to default iSCSI targets...
[[0;32m  OK  [0m] Reached target Sockets.
[[0;32m  OK  [0m] Reached target Basic System.
         Starting Accounts Service...
[[0;32m  OK  [0m] Started D-Bus System Message Bus.
         Starting LSB: Record successful boot for GRUB...
[[0;32m  OK  [0m] Started Node Exporter.
         Starting Login Service...
[[0;32m  OK  [0m] Started ACPI event daemon.
         Starting Virtualbox guest utils...
         Starting OpenBSD Secure Shell server...
         Starting LSB: MD monitoring daemon...
[[0;32m  OK  [0m] Started Deferred execution scheduler.
[[0;32m  OK  [0m] Started Regular background program processing daemon.
         Starting System Logging Service...
         Starting Ubuntu Advantage APT and MOTD Messages...
         Starting LXD - container startup/shutdown...
         Starting Snap Daemon...
[[0;32m  OK  [0m] Started Prometheus.
[[0;32m  OK  [0m] Started FUSE filesystem for LXC.
         Starting /etc/rc.local Compatibility...
[[0;32m  OK  [0m] Started /etc/rc.local Compatibility.
[[0;32m  OK  [0m] Started Login Service.
[[0;32m  OK  [0m] Started Unattended Upgrades Shutdown.
         Starting Authenticate and Authorize Users to Run Privileged Tasks...
[[0;32m  OK  [0m] Started Login to default iSCSI targets.
[[0;32m  OK  [0m] Reached target Remote File Systems (Pre).
         Mounting /vagrant...
[[0;32m  OK  [0m] Started LSB: Record successful boot for GRUB.
[[0;32m  OK  [0m] Started System Logging Service.
[[0;32m  OK  [0m] Started Authenticate and Authorize Users to Run Privileged Tasks.
[[0;32m  OK  [0m] Started Accounts Service.
[[0;1;31mFAILED[0m] Failed to mount /vagrant.
See 'systemctl status vagrant.mount' for details.
[[0;1;33mDEPEND[0m] Dependency failed for Remote File Systems.
         Starting Permit User Sessions...
         Starting LSB: automatic crash report generation...
         Starting LSB: daemon to balance interrupts for SMP systems...
         Starting LSB: Set the CPU Frequency Scaling governor to "ondemand"...
[[0;32m  OK  [0m] Started Permit User Sessions.
         Starting Hold until boot process finishes up...
         Starting Terminate Plymouth Boot Screen...
[[0;32m  OK  [0m] Started Hold until boot process finishes up.
[[0;32m  OK  [0m] Started Terminate Plymouth Boot Screen.
         Starting Set console scheme...
[[0;32m  OK  [0m] Started Getty on tty1.
[[0;32m  OK  [0m] Started Serial Getty on ttyS0.
[[0;32m  OK  [0m] Reached target Login Prompts.
[[0;32m  OK  [0m] Started Set console scheme.
[[0;32m  OK  [0m] Started LSB: MD monitoring daemon.
[[0;32m  OK  [0m] Started OpenBSD Secure Shell server.
[[0;32m  OK  [0m] Started LSB: Set the CPU Frequency Scaling governor to "ondemand".
[[0;32m  OK  [0m] Started LSB: daemon to balance interrupts for SMP systems.
[[0;32m  OK  [0m] Started LSB: automatic crash report generation.
[[0;32m  OK  [0m] Started LXD - container startup/shutdown.
[[0;32m  OK  [0m] Started Virtualbox guest utils.
[[0;32m  OK  [0m] Started Snap Daemon.
         Starting Wait until snapd is fully seeded...
[[0;32m  OK  [0m] Started Wait until snapd is fully seeded.
[[0;32m  OK  [0m] Reached target Multi-User System.
[[0;32m  OK  [0m] Reached target Graphical Interface.
         Starting Update UTMP about System Runlevel Changes...
         Starting Apply the settings specified in cloud-config...
[[0;32m  OK  [0m] Started Update UTMP about System Runlevel Changes.
[[0;32m  OK  [0m] Started Ubuntu Advantage APT and MOTD Messages.
[   16.579639] cloud-init[1382]: Cloud-init v. 21.1-19-gbad84ad4-0ubuntu1~16.04.2 running 'modules:config' at Sat, 08 Jan 2022 08:41:55 +0000. Up 16.34 seconds.
[[0;32m  OK  [0m] Started Apply the settings specified in cloud-config.
         Starting Execute cloud user/final scripts...
[   18.855024] cloud-init[1409]: Cloud-init v. 21.1-19-gbad84ad4-0ubuntu1~16.04.2 running 'modules:final' at Sat, 08 Jan 2022 08:41:57 +0000. Up 18.44 seconds.
[   18.869190] cloud-init[1409]: Cloud-init v. 21.1-19-gbad84ad4-0ubuntu1~16.04.2 finished at Sat, 08 Jan 2022 08:41:57 +0000. Datasource DataSourceNoCloud [seed=/dev/sdb][dsmode=net].  Up 18.83 seconds

Ubuntu 16.04.7 LTS ubuntu-xenial ttyS0

ubuntu-xenial login: 